0 verbose cli /usr/bin/node /usr/bin/npm
1 info using npm@10.5.0
2 info using node@v20.12.2
3 timing npm:load:whichnode Completed in 2ms
4 timing config:load:defaults Completed in 1ms
5 timing config:load:file:/usr/lib/node_modules/npm/npmrc Completed in 0ms
6 timing config:load:builtin Completed in 0ms
7 timing config:load:cli Completed in 4ms
8 timing config:load:env Completed in 1ms
9 timing config:load:file:/home/josuelopez/.cache/typescript/5.4/.npmrc Completed in 0ms
10 timing config:load:project Completed in 2ms
11 timing config:load:file:/home/josuelopez/.npmrc Completed in 0ms
12 timing config:load:user Completed in 0ms
13 timing config:load:file:/usr/etc/npmrc Completed in 0ms
14 timing config:load:global Completed in 0ms
15 timing config:load:setEnvs Completed in 2ms
16 timing config:load Completed in 12ms
17 timing npm:load:configload Completed in 13ms
18 timing config:load:flatten Completed in 3ms
19 timing npm:load:mkdirpcache Completed in 0ms
20 timing npm:load:mkdirplogs Completed in 1ms
21 verbose title npm install @types/lodash.debounce@ts5.4 @types/jshint@ts5.4 @types/mocha@ts5.4 @types/mock-fs@ts5.4 @types/mock-require@ts5.4 @types/bindings@ts5.4
22 verbose argv "install" "--ignore-scripts" "@types/lodash.debounce@ts5.4" "@types/jshint@ts5.4" "@types/mocha@ts5.4" "@types/mock-fs@ts5.4" "@types/mock-require@ts5.4" "@types/bindings@ts5.4" "--save-dev" "--user-agent" "typesInstaller/5.4.5"
23 timing npm:load:setTitle Completed in 2ms
24 timing npm:load:display Completed in 1ms
25 verbose logfile logs-max:10 dir:/home/josuelopez/.npm/_logs/2024-05-02T00_28_30_073Z-
26 verbose logfile /home/josuelopez/.npm/_logs/2024-05-02T00_28_30_073Z-debug-0.log
27 timing npm:load:logFile Completed in 15ms
28 timing npm:load:timers Completed in 0ms
29 timing npm:load:configScope Completed in 0ms
30 timing npm:load Completed in 67ms
31 timing arborist:ctor Completed in 2ms
32 silly logfile done cleaning log files
33 timing idealTree:init Completed in 22ms
34 timing arborist:ctor Completed in 0ms
35 http fetch GET 200 https://registry.npmjs.org/@types%2fmocha 7374ms (cache miss)
36 http fetch GET 200 https://registry.npmjs.org/@types%2fbindings 7660ms (cache miss)
37 http fetch GET 200 https://registry.npmjs.org/@types%2fmock-fs 7664ms (cache miss)
38 http fetch GET 200 https://registry.npmjs.org/@types%2flodash.debounce 7812ms (cache miss)
39 http fetch GET 200 https://registry.npmjs.org/@types%2fmock-require 7809ms (cache miss)
40 http fetch GET 200 https://registry.npmjs.org/@types%2fjshint 8112ms (cache miss)
41 timing idealTree:userRequests Completed in 8118ms
42 silly idealTree buildDeps
43 silly fetch manifest @types/mocha@10.0.6
44 silly fetch manifest @types/bindings@1.5.5
45 silly fetch manifest @types/mock-fs@4.13.4
46 silly fetch manifest @types/lodash.debounce@4.0.9
47 silly fetch manifest @types/mock-require@2.0.3
48 silly fetch manifest @types/jshint@2.12.4
49 silly placeDep ROOT @types/bindings@1.5.5 OK for:  want: 1.5.5
50 silly placeDep ROOT @types/jshint@2.12.4 OK for:  want: 2.12.4
51 silly placeDep ROOT @types/lodash.debounce@4.0.9 OK for:  want: 4.0.9
52 silly placeDep ROOT @types/mocha@10.0.6 OK for:  want: 10.0.6
53 silly placeDep ROOT @types/mock-fs@4.13.4 OK for:  want: 4.13.4
54 silly placeDep ROOT @types/mock-require@2.0.3 OK for:  want: 2.0.3
55 silly fetch manifest @types/lodash@*
56 http fetch GET 200 https://registry.npmjs.org/@types%2flodash 325ms (cache miss)
57 timing idealTree:#root Completed in 361ms
58 timing idealTree:node_modules/@types/bindings Completed in 1ms
59 timing idealTree:node_modules/@types/jshint Completed in 0ms
60 silly placeDep ROOT @types/lodash@4.17.0 OK for: @types/lodash.debounce@4.0.9 want: *
61 timing idealTree:node_modules/@types/lodash.debounce Completed in 3ms
62 timing idealTree:node_modules/@types/lodash Completed in 0ms
63 timing idealTree:node_modules/@types/mocha Completed in 0ms
64 timing idealTree:node_modules/@types/mock-fs Completed in 0ms
65 timing idealTree:node_modules/@types/mock-require Completed in 0ms
66 timing idealTree:buildDeps Completed in 366ms
67 timing idealTree:fixDepFlags Completed in 0ms
68 timing idealTree Completed in 8508ms
69 timing reify:loadTrees Completed in 8510ms
70 timing reify:diffTrees Completed in 2ms
71 silly reify moves {}
72 timing reify:retireShallow Completed in 2ms
73 timing reify:createSparse Completed in 5ms
74 timing reify:loadBundles Completed in 0ms
75 silly audit bulk request {
75 silly audit   '@types/node': [ '20.12.8' ],
75 silly audit   'types-registry': [ '0.1.684' ],
75 silly audit   'undici-types': [ '5.26.5' ],
75 silly audit   '@types/bindings': [ '1.5.5' ],
75 silly audit   '@types/jshint': [ '2.12.4' ],
75 silly audit   '@types/lodash.debounce': [ '4.0.9' ],
75 silly audit   '@types/mocha': [ '10.0.6' ],
75 silly audit   '@types/mock-fs': [ '4.13.4' ],
75 silly audit   '@types/mock-require': [ '2.0.3' ],
75 silly audit   '@types/lodash': [ '4.17.0' ]
75 silly audit }
76 silly tarball no local data for @types/lodash@https://registry.npmjs.org/@types/lodash/-/lodash-4.17.0.tgz. Extracting by manifest.
77 silly tarball no local data for @types/mock-require@https://registry.npmjs.org/@types/mock-require/-/mock-require-2.0.3.tgz. Extracting by manifest.
78 silly tarball no local data for @types/mock-fs@https://registry.npmjs.org/@types/mock-fs/-/mock-fs-4.13.4.tgz. Extracting by manifest.
79 silly tarball no local data for @types/mocha@https://registry.npmjs.org/@types/mocha/-/mocha-10.0.6.tgz. Extracting by manifest.
80 silly tarball no local data for @types/lodash.debounce@https://registry.npmjs.org/@types/lodash.debounce/-/lodash.debounce-4.0.9.tgz. Extracting by manifest.
81 silly tarball no local data for @types/jshint@https://registry.npmjs.org/@types/jshint/-/jshint-2.12.4.tgz. Extracting by manifest.
82 silly tarball no local data for @types/bindings@https://registry.npmjs.org/@types/bindings/-/bindings-1.5.5.tgz. Extracting by manifest.
83 http fetch GET 200 https://registry.npmjs.org/@types/lodash.debounce/-/lodash.debounce-4.0.9.tgz 166ms (cache miss)
84 timing reifyNode:node_modules/@types/lodash.debounce Completed in 193ms
85 http fetch POST 200 https://registry.npmjs.org/-/npm/v1/security/advisories/bulk 215ms
86 timing auditReport:getReport Completed in 221ms
87 silly audit report {}
88 timing auditReport:init Completed in 0ms
89 timing reify:audit Completed in 221ms
90 http fetch GET 200 https://registry.npmjs.org/@types/mock-fs/-/mock-fs-4.13.4.tgz 349ms (cache miss)
91 timing reifyNode:node_modules/@types/mock-fs Completed in 372ms
92 http fetch GET 200 https://registry.npmjs.org/@types/mocha/-/mocha-10.0.6.tgz 374ms (cache miss)
93 timing reifyNode:node_modules/@types/mocha Completed in 399ms
94 http fetch GET 200 https://registry.npmjs.org/@types/mock-require/-/mock-require-2.0.3.tgz 392ms (cache miss)
95 timing reifyNode:node_modules/@types/mock-require Completed in 413ms
96 http fetch GET 200 https://registry.npmjs.org/@types/lodash/-/lodash-4.17.0.tgz 475ms (cache miss)
97 timing reifyNode:node_modules/@types/lodash Completed in 495ms
98 http fetch GET 200 https://registry.npmjs.org/@types/jshint/-/jshint-2.12.4.tgz 620ms (cache miss)
99 timing reifyNode:node_modules/@types/jshint Completed in 646ms
100 http fetch GET 200 https://registry.npmjs.org/@types/bindings/-/bindings-1.5.5.tgz 661ms (cache miss)
101 timing reifyNode:node_modules/@types/bindings Completed in 689ms
102 timing reify:unpack Completed in 690ms
103 timing reify:unretire Completed in 0ms
104 timing build:queue Completed in 1ms
105 timing build:deps Completed in 2ms
106 timing build Completed in 2ms
107 timing reify:build Completed in 3ms
108 timing reify:trash Completed in 1ms
109 timing reify:save Completed in 22ms
110 timing reify Completed in 9283ms
111 silly ADD node_modules/@types/lodash
112 silly ADD node_modules/@types/mock-require
113 silly ADD node_modules/@types/mock-fs
114 silly ADD node_modules/@types/mocha
115 silly ADD node_modules/@types/lodash.debounce
116 silly ADD node_modules/@types/jshint
117 silly ADD node_modules/@types/bindings
118 timing command:install Completed in 9295ms
119 verbose exit 0
120 timing npm Completed in 9649ms
121 info ok
