0 verbose cli /usr/bin/node /usr/bin/npm
1 info using npm@10.5.0
2 info using node@v20.12.2
3 timing npm:load:whichnode Completed in 1ms
4 timing config:load:defaults Completed in 2ms
5 timing config:load:file:/usr/lib/node_modules/npm/npmrc Completed in 0ms
6 timing config:load:builtin Completed in 1ms
7 timing config:load:cli Completed in 3ms
8 timing config:load:env Completed in 0ms
9 timing config:load:file:/home/josuelopez/nodetest/.npmrc Completed in 0ms
10 timing config:load:project Completed in 1ms
11 timing config:load:file:/home/josuelopez/.npmrc Completed in 0ms
12 timing config:load:user Completed in 0ms
13 timing config:load:file:/usr/etc/npmrc Completed in 0ms
14 timing config:load:global Completed in 0ms
15 timing config:load:setEnvs Completed in 1ms
16 timing config:load Completed in 9ms
17 timing npm:load:configload Completed in 9ms
18 timing config:load:flatten Completed in 2ms
19 timing npm:load:mkdirpcache Completed in 0ms
20 timing npm:load:mkdirplogs Completed in 0ms
21 verbose title npm install socket.io
22 verbose argv "install" "socket.io" "--save"
23 timing npm:load:setTitle Completed in 1ms
24 timing npm:load:display Completed in 1ms
25 verbose logfile logs-max:10 dir:/home/josuelopez/.npm/_logs/2024-05-02T00_00_19_019Z-
26 verbose logfile /home/josuelopez/.npm/_logs/2024-05-02T00_00_19_019Z-debug-0.log
27 timing npm:load:logFile Completed in 9ms
28 timing npm:load:timers Completed in 0ms
29 timing npm:load:configScope Completed in 0ms
30 timing npm:load Completed in 41ms
31 timing config:load:flatten Completed in 1ms
32 timing arborist:ctor Completed in 1ms
33 silly logfile done cleaning log files
34 timing arborist:ctor Completed in 0ms
35 timing idealTree:init Completed in 11ms
36 timing idealTree:userRequests Completed in 3ms
37 silly idealTree buildDeps
38 silly fetch manifest socket.io@*
39 http fetch GET 200 https://registry.npmjs.org/socket.io 5824ms (cache miss)
40 silly placeDep ROOT socket.io@4.7.5 OK for:  want: *
41 silly fetch manifest accepts@~1.3.4
42 silly fetch manifest base64id@~2.0.0
43 silly fetch manifest cors@~2.8.5
44 http fetch GET 200 https://registry.npmjs.org/accepts 128ms (cache miss)
45 silly fetch manifest debug@~4.3.2
46 http fetch GET 200 https://registry.npmjs.org/debug 129ms (cache miss)
47 silly fetch manifest engine.io@~6.5.2
48 http fetch GET 200 https://registry.npmjs.org/cors 395ms (cache miss)
49 silly fetch manifest socket.io-adapter@~2.5.2
50 http fetch GET 200 https://registry.npmjs.org/base64id 515ms (cache miss)
51 silly fetch manifest socket.io-parser@~4.2.4
52 http fetch GET 200 https://registry.npmjs.org/socket.io-adapter 133ms (cache miss)
53 http fetch GET 200 https://registry.npmjs.org/socket.io-parser 111ms (cache miss)
54 http fetch GET 200 https://registry.npmjs.org/engine.io 472ms (cache miss)
55 timing idealTree:#root Completed in 6599ms
56 silly placeDep ROOT accepts@1.3.8 OK for: socket.io@4.7.5 want: ~1.3.4
57 silly placeDep ROOT base64id@2.0.0 OK for: socket.io@4.7.5 want: ~2.0.0
58 silly placeDep ROOT cors@2.8.5 OK for: socket.io@4.7.5 want: ~2.8.5
59 silly placeDep ROOT debug@4.3.4 OK for: socket.io@4.7.5 want: ~4.3.2
60 silly placeDep ROOT engine.io@6.5.4 OK for: socket.io@4.7.5 want: ~6.5.2
61 silly placeDep ROOT socket.io-adapter@2.5.4 OK for: socket.io@4.7.5 want: ~2.5.2
62 silly placeDep ROOT socket.io-parser@4.2.4 OK for: socket.io@4.7.5 want: ~4.2.4
63 silly fetch manifest mime-types@~2.1.34
64 silly fetch manifest negotiator@0.6.3
65 silly fetch manifest object-assign@^4
66 http fetch GET 200 https://registry.npmjs.org/negotiator 121ms (cache miss)
67 silly fetch manifest vary@^1
68 http fetch GET 200 https://registry.npmjs.org/mime-types 136ms (cache miss)
69 silly fetch manifest ms@2.1.2
70 http fetch GET 200 https://registry.npmjs.org/object-assign 151ms (cache miss)
71 silly fetch manifest @types/cookie@^0.4.1
72 http fetch GET 200 https://registry.npmjs.org/vary 98ms (cache miss)
73 silly fetch manifest @types/cors@^2.8.12
74 http fetch GET 200 https://registry.npmjs.org/ms 132ms (cache miss)
75 silly fetch manifest @types/node@>=10.0.0
76 http fetch GET 200 https://registry.npmjs.org/@types%2fcookie 171ms (cache miss)
77 silly fetch manifest cookie@~0.4.1
78 http fetch GET 200 https://registry.npmjs.org/@types%2fcors 157ms (cache miss)
79 silly fetch manifest engine.io-parser@~5.2.1
80 http fetch GET 200 https://registry.npmjs.org/cookie 139ms (cache miss)
81 silly fetch manifest ws@~8.11.0
82 http fetch GET 200 https://registry.npmjs.org/engine.io-parser 117ms (cache miss)
83 http fetch GET 200 https://registry.npmjs.org/ws 140ms (cache miss)
84 silly fetch manifest @socket.io/component-emitter@~3.1.0
85 http fetch GET 200 https://registry.npmjs.org/@socket.io%2fcomponent-emitter 253ms (cache miss)
86 http fetch GET 200 https://registry.npmjs.org/@types%2fnode 711ms (cache miss)
87 timing idealTree:node_modules/socket.io Completed in 1173ms
88 silly placeDep ROOT mime-types@2.1.35 OK for: accepts@1.3.8 want: ~2.1.34
89 silly placeDep ROOT negotiator@0.6.3 OK for: accepts@1.3.8 want: 0.6.3
90 silly fetch manifest mime-db@1.52.0
91 http fetch GET 200 https://registry.npmjs.org/mime-db 135ms (cache miss)
92 timing idealTree:node_modules/accepts Completed in 144ms
93 timing idealTree:node_modules/base64id Completed in 0ms
94 silly placeDep ROOT object-assign@4.1.1 OK for: cors@2.8.5 want: ^4
95 silly placeDep ROOT vary@1.1.2 OK for: cors@2.8.5 want: ^1
96 timing idealTree:node_modules/cors Completed in 4ms
97 silly placeDep ROOT ms@2.1.2 OK for: debug@4.3.4 want: 2.1.2
98 timing idealTree:node_modules/debug Completed in 1ms
99 silly fetch manifest bufferutil@^4.0.1
100 http fetch GET 200 https://registry.npmjs.org/bufferutil 77ms (cache miss)
101 silly fetch manifest utf-8-validate@^5.0.2
102 http fetch GET 200 https://registry.npmjs.org/utf-8-validate 147ms (cache miss)
103 silly placeDep ROOT @types/cookie@0.4.1 OK for: engine.io@6.5.4 want: ^0.4.1
104 silly placeDep ROOT @types/cors@2.8.17 OK for: engine.io@6.5.4 want: ^2.8.12
105 silly placeDep ROOT @types/node@20.12.8 OK for: engine.io@6.5.4 want: >=10.0.0
106 silly placeDep ROOT cookie@0.4.2 OK for: engine.io@6.5.4 want: ~0.4.1
107 silly placeDep ROOT engine.io-parser@5.2.2 OK for: engine.io@6.5.4 want: ~5.2.1
108 silly placeDep ROOT ws@8.11.0 OK for: engine.io@6.5.4 want: ~8.11.0
109 silly fetch manifest @types/node@*
110 silly fetch manifest undici-types@~5.26.4
111 http fetch GET 200 https://registry.npmjs.org/undici-types 110ms (cache revalidated)
112 timing idealTree:node_modules/engine.io Completed in 353ms
113 timing idealTree:node_modules/@types/cookie Completed in 0ms
114 timing idealTree:node_modules/@types/cors Completed in 0ms
115 silly placeDep ROOT undici-types@5.26.5 OK for: @types/node@20.12.8 want: ~5.26.4
116 timing idealTree:node_modules/@types/node Completed in 2ms
117 timing idealTree:node_modules/cookie Completed in 0ms
118 timing idealTree:node_modules/engine.io-parser Completed in 0ms
119 silly placeDep ROOT mime-db@1.52.0 OK for: mime-types@2.1.35 want: 1.52.0
120 timing idealTree:node_modules/mime-types Completed in 1ms
121 timing idealTree:node_modules/mime-db Completed in 0ms
122 timing idealTree:node_modules/ms Completed in 0ms
123 timing idealTree:node_modules/negotiator Completed in 0ms
124 timing idealTree:node_modules/object-assign Completed in 0ms
125 timing idealTree:node_modules/socket.io-adapter Completed in 0ms
126 silly placeDep ROOT @socket.io/component-emitter@3.1.2 OK for: socket.io-parser@4.2.4 want: ~3.1.0
127 timing idealTree:node_modules/socket.io-parser Completed in 1ms
128 timing idealTree:node_modules/@socket.io/component-emitter Completed in 0ms
129 timing idealTree:node_modules/undici-types Completed in 0ms
130 timing idealTree:node_modules/vary Completed in 0ms
131 timing idealTree:node_modules/ws Completed in 0ms
132 timing idealTree:buildDeps Completed in 8282ms
133 timing idealTree:fixDepFlags Completed in 1ms
134 timing idealTree Completed in 8300ms
135 timing reify:loadTrees Completed in 8301ms
136 timing reify:diffTrees Completed in 2ms
137 silly reify moves {}
138 timing reify:retireShallow Completed in 2ms
139 timing reify:createSparse Completed in 4ms
140 timing reify:loadBundles Completed in 0ms
141 silly tarball no local data for @socket.io/component-emitter@https://registry.npmjs.org/@socket.io/component-emitter/-/component-emitter-3.1.2.tgz. Extracting by manifest.
142 silly tarball no local data for mime-db@https://registry.npmjs.org/mime-db/-/mime-db-1.52.0.tgz. Extracting by manifest.
143 silly tarball no local data for ws@https://registry.npmjs.org/ws/-/ws-8.11.0.tgz. Extracting by manifest.
144 silly tarball no local data for engine.io-parser@https://registry.npmjs.org/engine.io-parser/-/engine.io-parser-5.2.2.tgz. Extracting by manifest.
145 silly tarball no local data for cookie@https://registry.npmjs.org/cookie/-/cookie-0.4.2.tgz. Extracting by manifest.
146 silly tarball no local data for @types/cors@https://registry.npmjs.org/@types/cors/-/cors-2.8.17.tgz. Extracting by manifest.
147 silly tarball no local data for @types/cookie@https://registry.npmjs.org/@types/cookie/-/cookie-0.4.1.tgz. Extracting by manifest.
148 silly tarball no local data for ms@https://registry.npmjs.org/ms/-/ms-2.1.2.tgz. Extracting by manifest.
149 silly tarball no local data for object-assign@https://registry.npmjs.org/object-assign/-/object-assign-4.1.1.tgz. Extracting by manifest.
150 silly tarball no local data for vary@https://registry.npmjs.org/vary/-/vary-1.1.2.tgz. Extracting by manifest.
151 silly tarball no local data for negotiator@https://registry.npmjs.org/negotiator/-/negotiator-0.6.3.tgz. Extracting by manifest.
152 silly tarball no local data for mime-types@https://registry.npmjs.org/mime-types/-/mime-types-2.1.35.tgz. Extracting by manifest.
153 silly tarball no local data for socket.io-adapter@https://registry.npmjs.org/socket.io-adapter/-/socket.io-adapter-2.5.4.tgz. Extracting by manifest.
154 silly tarball no local data for socket.io-parser@https://registry.npmjs.org/socket.io-parser/-/socket.io-parser-4.2.4.tgz. Extracting by manifest.
155 silly tarball no local data for engine.io@https://registry.npmjs.org/engine.io/-/engine.io-6.5.4.tgz. Extracting by manifest.
156 silly tarball no local data for debug@https://registry.npmjs.org/debug/-/debug-4.3.4.tgz. Extracting by manifest.
157 silly tarball no local data for cors@https://registry.npmjs.org/cors/-/cors-2.8.5.tgz. Extracting by manifest.
158 silly tarball no local data for accepts@https://registry.npmjs.org/accepts/-/accepts-1.3.8.tgz. Extracting by manifest.
159 silly tarball no local data for base64id@https://registry.npmjs.org/base64id/-/base64id-2.0.0.tgz. Extracting by manifest.
160 silly tarball no local data for socket.io@https://registry.npmjs.org/socket.io/-/socket.io-4.7.5.tgz. Extracting by manifest.
161 timing reifyNode:node_modules/undici-types Completed in 128ms
162 timing reifyNode:node_modules/@types/node Completed in 150ms
163 http fetch GET 200 https://registry.npmjs.org/mime-db/-/mime-db-1.52.0.tgz 173ms (cache miss)
164 timing reifyNode:node_modules/mime-db Completed in 192ms
165 http fetch GET 200 https://registry.npmjs.org/@socket.io/component-emitter/-/component-emitter-3.1.2.tgz 201ms (cache miss)
166 timing reifyNode:node_modules/@socket.io/component-emitter Completed in 219ms
167 http fetch GET 200 https://registry.npmjs.org/ws/-/ws-8.11.0.tgz 201ms (cache miss)
168 timing reifyNode:node_modules/ws Completed in 221ms
169 http fetch GET 200 https://registry.npmjs.org/base64id/-/base64id-2.0.0.tgz 486ms (cache miss)
170 timing reifyNode:node_modules/base64id Completed in 525ms
171 http fetch GET 200 https://registry.npmjs.org/object-assign/-/object-assign-4.1.1.tgz 503ms (cache miss)
172 timing reifyNode:node_modules/object-assign Completed in 528ms
173 http fetch GET 200 https://registry.npmjs.org/cookie/-/cookie-0.4.2.tgz 518ms (cache miss)
174 timing reifyNode:node_modules/cookie Completed in 538ms
175 http fetch GET 200 https://registry.npmjs.org/socket.io-adapter/-/socket.io-adapter-2.5.4.tgz 509ms (cache miss)
176 timing reifyNode:node_modules/socket.io-adapter Completed in 544ms
177 http fetch GET 200 https://registry.npmjs.org/@types/cors/-/cors-2.8.17.tgz 536ms (cache miss)
178 timing reifyNode:node_modules/@types/cors Completed in 557ms
179 http fetch GET 200 https://registry.npmjs.org/cors/-/cors-2.8.5.tgz 521ms (cache miss)
180 timing reifyNode:node_modules/cors Completed in 559ms
181 http fetch GET 200 https://registry.npmjs.org/accepts/-/accepts-1.3.8.tgz 521ms (cache miss)
182 timing reifyNode:node_modules/accepts Completed in 559ms
183 http fetch GET 200 https://registry.npmjs.org/engine.io-parser/-/engine.io-parser-5.2.2.tgz 551ms (cache miss)
184 timing reifyNode:node_modules/engine.io-parser Completed in 571ms
185 http fetch GET 200 https://registry.npmjs.org/engine.io/-/engine.io-6.5.4.tgz 560ms (cache miss)
186 timing reifyNode:node_modules/engine.io Completed in 596ms
187 http fetch GET 200 https://registry.npmjs.org/vary/-/vary-1.1.2.tgz 628ms (cache miss)
188 timing reifyNode:node_modules/vary Completed in 654ms
189 http fetch GET 200 https://registry.npmjs.org/@types/cookie/-/cookie-0.4.1.tgz 662ms (cache miss)
190 timing reifyNode:node_modules/@types/cookie Completed in 684ms
191 http fetch GET 200 https://registry.npmjs.org/mime-types/-/mime-types-2.1.35.tgz 662ms (cache miss)
192 timing reifyNode:node_modules/mime-types Completed in 695ms
193 http fetch GET 200 https://registry.npmjs.org/socket.io/-/socket.io-4.7.5.tgz 817ms (cache miss)
194 timing reifyNode:node_modules/socket.io Completed in 857ms
195 http fetch GET 200 https://registry.npmjs.org/ms/-/ms-2.1.2.tgz 932ms (cache miss)
196 timing reifyNode:node_modules/ms Completed in 956ms
197 http fetch GET 200 https://registry.npmjs.org/debug/-/debug-4.3.4.tgz 954ms (cache miss)
198 timing reifyNode:node_modules/debug Completed in 991ms
199 http fetch GET 200 https://registry.npmjs.org/negotiator/-/negotiator-0.6.3.tgz 965ms (cache miss)
200 timing reifyNode:node_modules/negotiator Completed in 994ms
201 http fetch GET 200 https://registry.npmjs.org/socket.io-parser/-/socket.io-parser-4.2.4.tgz 962ms (cache miss)
202 timing reifyNode:node_modules/socket.io-parser Completed in 999ms
203 timing reify:unpack Completed in 1000ms
204 timing reify:unretire Completed in 0ms
205 timing build:queue Completed in 1ms
206 timing build:deps Completed in 1ms
207 timing build Completed in 1ms
208 timing reify:build Completed in 2ms
209 timing reify:trash Completed in 0ms
210 timing reify:save Completed in 14ms
211 timing reify Completed in 9350ms
212 silly ADD node_modules/@socket.io/component-emitter
213 silly ADD node_modules/mime-db
214 silly ADD node_modules/undici-types
215 silly ADD node_modules/ws
216 silly ADD node_modules/engine.io-parser
217 silly ADD node_modules/cookie
218 silly ADD node_modules/@types/node
219 silly ADD node_modules/@types/cors
220 silly ADD node_modules/@types/cookie
221 silly ADD node_modules/ms
222 silly ADD node_modules/vary
223 silly ADD node_modules/object-assign
224 silly ADD node_modules/negotiator
225 silly ADD node_modules/mime-types
226 silly ADD node_modules/socket.io-parser
227 silly ADD node_modules/socket.io-adapter
228 silly ADD node_modules/engine.io
229 silly ADD node_modules/debug
230 silly ADD node_modules/cors
231 silly ADD node_modules/base64id
232 silly ADD node_modules/accepts
233 silly ADD node_modules/socket.io
234 timing command:install Completed in 9357ms
235 verbose exit 0
236 timing npm Completed in 9582ms
237 info ok
