0 verbose cli /usr/bin/node /usr/bin/npm
1 info using npm@10.5.0
2 info using node@v20.12.2
3 timing npm:load:whichnode Completed in 1ms
4 timing config:load:defaults Completed in 2ms
5 timing config:load:file:/usr/lib/node_modules/npm/npmrc Completed in 1ms
6 timing config:load:builtin Completed in 1ms
7 timing config:load:cli Completed in 2ms
8 timing config:load:env Completed in 0ms
9 timing config:load:project Completed in 0ms
10 timing config:load:file:/home/josuelopez/.npmrc Completed in 1ms
11 timing config:load:user Completed in 1ms
12 timing config:load:file:/usr/etc/npmrc Completed in 0ms
13 timing config:load:global Completed in 0ms
14 timing config:load:setEnvs Completed in 1ms
15 timing config:load Completed in 8ms
16 timing npm:load:configload Completed in 8ms
17 timing config:load:flatten Completed in 3ms
18 timing npm:load:mkdirpcache Completed in 0ms
19 timing npm:load:mkdirplogs Completed in 0ms
20 verbose title npm install PyTorch
21 verbose argv "install" "PyTorch"
22 timing npm:load:setTitle Completed in 1ms
23 timing npm:load:display Completed in 1ms
24 verbose logfile logs-max:10 dir:/home/josuelopez/.npm/_logs/2024-06-03T04_41_27_597Z-
25 verbose logfile /home/josuelopez/.npm/_logs/2024-06-03T04_41_27_597Z-debug-0.log
26 timing npm:load:logFile Completed in 11ms
27 timing npm:load:timers Completed in 0ms
28 timing npm:load:configScope Completed in 0ms
29 timing npm:load Completed in 45ms
30 timing arborist:ctor Completed in 1ms
31 silly logfile start cleaning logs, removing 1 files
32 silly logfile done cleaning log files
33 timing idealTree:init Completed in 73ms
34 timing idealTree:userRequests Completed in 1ms
35 silly idealTree buildDeps
36 silly fetch manifest PyTorch@*
37 timing arborist:ctor Completed in 0ms
38 http fetch GET 404 https://registry.npmjs.org/PyTorch 557ms (cache skip)
39 silly placeDep ROOT PyTorch@ OK for:  want: *
40 timing idealTree:#root Completed in 567ms
41 timing idealTree:node_modules/PyTorch Completed in 0ms
42 timing idealTree:buildDeps Completed in 568ms
43 timing idealTree:fixDepFlags Completed in 2ms
44 timing idealTree Completed in 647ms
45 timing command:install Completed in 668ms
46 verbose stack HttpErrorGeneral: 404 Not Found - GET https://registry.npmjs.org/PyTorch - Not found
46 verbose stack     at /usr/lib/node_modules/npm/node_modules/npm-registry-fetch/lib/check-response.js:95:15
46 verbose stack     at process.processTicksAndRejections (node:internal/process/task_queues:95:5)
46 verbose stack     at async RegistryFetcher.packument (/usr/lib/node_modules/npm/node_modules/pacote/lib/registry.js:91:19)
46 verbose stack     at async RegistryFetcher.manifest (/usr/lib/node_modules/npm/node_modules/pacote/lib/registry.js:129:23)
46 verbose stack     at async #nodeFromEdge (/usr/lib/node_modules/npm/node_modules/@npmcli/arborist/lib/arborist/build-ideal-tree.js:1056:19)
46 verbose stack     at async #buildDepStep (/usr/lib/node_modules/npm/node_modules/@npmcli/arborist/lib/arborist/build-ideal-tree.js:924:11)
46 verbose stack     at async Arborist.buildIdealTree (/usr/lib/node_modules/npm/node_modules/@npmcli/arborist/lib/arborist/build-ideal-tree.js:203:7)
46 verbose stack     at async Promise.all (index 1)
46 verbose stack     at async Arborist.reify (/usr/lib/node_modules/npm/node_modules/@npmcli/arborist/lib/arborist/reify.js:154:5)
46 verbose stack     at async Install.exec (/usr/lib/node_modules/npm/lib/commands/install.js:153:5)
47 verbose statusCode 404
48 verbose pkgid PyTorch@*
49 verbose cwd /home/josuelopez/yolov5
50 verbose Linux 6.6.20+rpt-rpi-v8
51 verbose node v20.12.2
52 verbose npm  v10.5.0
53 error code E404
54 error 404 Not Found - GET https://registry.npmjs.org/PyTorch - Not found
55 error 404
56 error 404  'PyTorch@*' is not in this registry.
57 error 404 This package name is not valid, because 
58 error 404  1. name can no longer contain capital letters
59 error 404
59 error 404 Note that you can also install from a
60 error 404 tarball, folder, http url, or git url.
61 verbose exit 1
62 timing npm Completed in 1139ms
63 verbose unfinished npm timer reify 1717389688089
64 verbose unfinished npm timer reify:loadTrees 1717389688105
65 verbose code 1
66 error A complete log of this run can be found in: /home/josuelopez/.npm/_logs/2024-06-03T04_41_27_597Z-debug-0.log
