0 verbose cli /usr/bin/node /usr/bin/npm
1 info using npm@10.5.0
2 info using node@v20.12.2
3 timing npm:load:whichnode Completed in 1ms
4 timing config:load:defaults Completed in 2ms
5 timing config:load:file:/usr/lib/node_modules/npm/npmrc Completed in 0ms
6 timing config:load:builtin Completed in 0ms
7 timing config:load:cli Completed in 2ms
8 timing config:load:env Completed in 1ms
9 timing config:load:file:/home/josuelopez/nodetest/.npmrc Completed in 0ms
10 timing config:load:project Completed in 1ms
11 timing config:load:file:/home/josuelopez/.npmrc Completed in 0ms
12 timing config:load:user Completed in 0ms
13 timing config:load:file:/usr/etc/npmrc Completed in 0ms
14 timing config:load:global Completed in 0ms
15 timing config:load:setEnvs Completed in 1ms
16 timing config:load Completed in 8ms
17 timing npm:load:configload Completed in 8ms
18 timing config:load:flatten Completed in 3ms
19 timing npm:load:mkdirpcache Completed in 0ms
20 timing npm:load:mkdirplogs Completed in 0ms
21 verbose title npm install gpio
22 verbose argv "install" "gpio"
23 timing npm:load:setTitle Completed in 1ms
24 timing npm:load:display Completed in 1ms
25 verbose logfile logs-max:10 dir:/home/josuelopez/.npm/_logs/2024-05-02T00_35_49_291Z-
26 verbose logfile /home/josuelopez/.npm/_logs/2024-05-02T00_35_49_291Z-debug-0.log
27 timing npm:load:logFile Completed in 9ms
28 timing npm:load:timers Completed in 0ms
29 timing npm:load:configScope Completed in 0ms
30 timing npm:load Completed in 40ms
31 timing arborist:ctor Completed in 1ms
32 silly logfile done cleaning log files
33 timing idealTree:init Completed in 32ms
34 timing idealTree:userRequests Completed in 2ms
35 silly idealTree buildDeps
36 silly fetch manifest gpio@*
37 timing arborist:ctor Completed in 0ms
38 http fetch GET 200 https://registry.npmjs.org/gpio 5950ms (cache miss)
39 silly placeDep ROOT gpio@0.2.10 OK for:  want: *
40 timing idealTree:#root Completed in 5963ms
41 timing idealTree:node_modules/gpio Completed in 0ms
42 timing idealTree:buildDeps Completed in 5964ms
43 timing idealTree:fixDepFlags Completed in 1ms
44 timing idealTree Completed in 6002ms
45 timing reify:loadTrees Completed in 6004ms
46 timing reify:diffTrees Completed in 4ms
47 silly reify moves {}
48 timing reify:retireShallow Completed in 2ms
49 timing reify:createSparse Completed in 1ms
50 timing reify:loadBundles Completed in 0ms
51 silly audit bulk request {
51 silly audit   '@socket.io/component-emitter': [ '3.1.2' ],
51 silly audit   '@types/cookie': [ '0.4.1' ],
51 silly audit   '@types/cors': [ '2.8.17' ],
51 silly audit   '@types/node': [ '20.12.8' ],
51 silly audit   accepts: [ '1.3.8' ],
51 silly audit   base64id: [ '2.0.0' ],
51 silly audit   bindings: [ '1.5.0' ],
51 silly audit   cookie: [ '0.4.2' ],
51 silly audit   cors: [ '2.8.5' ],
51 silly audit   debug: [ '4.3.4' ],
51 silly audit   'engine.io': [ '6.5.4' ],
51 silly audit   'engine.io-parser': [ '5.2.2' ],
51 silly audit   epoll: [ '4.0.2' ],
51 silly audit   'file-uri-to-path': [ '1.0.0' ],
51 silly audit   'lodash.debounce': [ '4.0.8' ],
51 silly audit   'mime-db': [ '1.52.0' ],
51 silly audit   'mime-types': [ '2.1.35' ],
51 silly audit   ms: [ '2.1.2' ],
51 silly audit   nan: [ '2.19.0' ],
51 silly audit   negotiator: [ '0.6.3' ],
51 silly audit   'object-assign': [ '4.1.1' ],
51 silly audit   onoff: [ '6.0.3' ],
51 silly audit   'socket.io': [ '4.7.5' ],
51 silly audit   'socket.io-adapter': [ '2.5.4' ],
51 silly audit   'socket.io-parser': [ '4.2.4' ],
51 silly audit   'undici-types': [ '5.26.5' ],
51 silly audit   vary: [ '1.1.2' ],
51 silly audit   ws: [ '8.11.0' ],
51 silly audit   gpio: [ '0.2.10' ]
51 silly audit }
52 silly tarball no local data for gpio@https://registry.npmjs.org/gpio/-/gpio-0.2.10.tgz. Extracting by manifest.
53 http fetch POST 200 https://registry.npmjs.org/-/npm/v1/security/advisories/bulk 173ms
54 timing auditReport:getReport Completed in 177ms
55 silly audit report {}
56 timing auditReport:init Completed in 0ms
57 timing reify:audit Completed in 177ms
58 http fetch GET 200 https://registry.npmjs.org/gpio/-/gpio-0.2.10.tgz 643ms (cache miss)
59 timing reifyNode:node_modules/gpio Completed in 655ms
60 timing reify:unpack Completed in 656ms
61 timing reify:unretire Completed in 0ms
62 timing build:queue Completed in 0ms
63 timing build:deps Completed in 1ms
64 timing build Completed in 1ms
65 timing reify:build Completed in 2ms
66 timing reify:trash Completed in 0ms
67 timing reify:save Completed in 21ms
68 timing reify Completed in 6736ms
69 silly ADD node_modules/gpio
70 timing command:install Completed in 6748ms
71 verbose exit 0
72 timing npm Completed in 6988ms
73 info ok
