2024-05-24 10:39:34.914 [info] Log level: Info
2024-05-24 10:39:34.914 [info] Validating found git in: "git"
2024-05-24 10:39:34.914 [info] Using git "2.39.2" from "git"
2024-05-24 10:39:34.914 [info] > git rev-parse --show-toplevel [162ms]
2024-05-24 10:39:34.914 [info] fatal: not a git repository (or any of the parent directories): .git
2024-05-24 10:39:34.914 [info] > git rev-parse --show-toplevel [64ms]
2024-05-24 10:39:34.917 [info] > git rev-parse --show-toplevel [3ms]
2024-05-24 10:39:34.917 [info] fatal: not a git repository (or any of the parent directories): .git
2024-05-24 10:39:50.455 [info] > git rev-parse --show-toplevel [4ms]
2024-05-24 10:39:50.456 [info] fatal: not a git repository (or any of the parent directories): .git
2024-05-24 10:40:32.333 [info] > git rev-parse --show-toplevel [3ms]
2024-05-24 10:40:32.334 [info] fatal: not a git repository (or any of the parent directories): .git
2024-05-24 10:49:29.600 [info] > git rev-parse --show-toplevel [10ms]
2024-05-24 10:49:29.600 [info] fatal: not a git repository (or any of the parent directories): .git
2024-05-24 10:49:34.612 [info] > git rev-parse --show-toplevel [6ms]
2024-05-24 10:49:34.612 [info] fatal: not a git repository (or any of the parent directories): .git
2024-05-24 10:50:11.240 [info] > git rev-parse --show-toplevel [8ms]
2024-05-24 10:50:11.241 [info] fatal: not a git repository (or any of the parent directories): .git
2024-05-24 10:56:48.800 [info] > git rev-parse --show-toplevel [5ms]
2024-05-24 10:56:48.800 [info] fatal: not a git repository (or any of the parent directories): .git
2024-05-24 10:57:57.040 [info] > git rev-parse --show-toplevel [15ms]
2024-05-24 10:57:57.040 [info] fatal: not a git repository (or any of the parent directories): .git
2024-05-24 11:13:09.941 [info] > git rev-parse --show-toplevel [2ms]
2024-05-24 11:13:09.941 [info] fatal: not a git repository (or any of the parent directories): .git
2024-05-24 11:17:05.037 [info] > git rev-parse --show-toplevel [7ms]
2024-05-24 11:17:05.037 [info] fatal: not a git repository (or any of the parent directories): .git
